<?xml version="1.0" encoding="UTF-8"?>
<testsuite xmlns:xsi="http://www.w3.org/2001/XMLSchema-instance" xsi:noNamespaceSchemaLocation="https://maven.apache.org/surefire/maven-surefire-plugin/xsd/surefire-test-report.xsd" name="Runner.EtsyRunner" time="30.867" tests="9" errors="0" skipped="0" failures="2">
  <properties>
    <property name="java.specification.version" value="13"/>
    <property name="sun.cpu.isalist" value="amd64"/>
    <property name="sun.jnu.encoding" value="Cp1252"/>
    <property name="java.class.path" value="C:\Users\12242\IdeaProjects\CucumberBatch4Again\target\test-classes;C:\Users\12242\IdeaProjects\CucumberBatch4Again\target\classes;C:\Users\12242\.m2\repository\org\seleniumhq\selenium\selenium-java\3.141.59\selenium-java-3.141.59.jar;C:\Users\12242\.m2\repository\org\seleniumhq\selenium\selenium-api\3.141.59\selenium-api-3.141.59.jar;C:\Users\12242\.m2\repository\org\seleniumhq\selenium\selenium-chrome-driver\3.141.59\selenium-chrome-driver-3.141.59.jar;C:\Users\12242\.m2\repository\org\seleniumhq\selenium\selenium-edge-driver\3.141.59\selenium-edge-driver-3.141.59.jar;C:\Users\12242\.m2\repository\org\seleniumhq\selenium\selenium-firefox-driver\3.141.59\selenium-firefox-driver-3.141.59.jar;C:\Users\12242\.m2\repository\org\seleniumhq\selenium\selenium-ie-driver\3.141.59\selenium-ie-driver-3.141.59.jar;C:\Users\12242\.m2\repository\org\seleniumhq\selenium\selenium-opera-driver\3.141.59\selenium-opera-driver-3.141.59.jar;C:\Users\12242\.m2\repository\org\seleniumhq\selenium\selenium-remote-driver\3.141.59\selenium-remote-driver-3.141.59.jar;C:\Users\12242\.m2\repository\org\seleniumhq\selenium\selenium-safari-driver\3.141.59\selenium-safari-driver-3.141.59.jar;C:\Users\12242\.m2\repository\org\seleniumhq\selenium\selenium-support\3.141.59\selenium-support-3.141.59.jar;C:\Users\12242\.m2\repository\net\bytebuddy\byte-buddy\1.8.15\byte-buddy-1.8.15.jar;C:\Users\12242\.m2\repository\org\apache\commons\commons-exec\1.3\commons-exec-1.3.jar;C:\Users\12242\.m2\repository\com\google\guava\guava\25.0-jre\guava-25.0-jre.jar;C:\Users\12242\.m2\repository\com\google\code\findbugs\jsr305\1.3.9\jsr305-1.3.9.jar;C:\Users\12242\.m2\repository\org\checkerframework\checker-compat-qual\2.0.0\checker-compat-qual-2.0.0.jar;C:\Users\12242\.m2\repository\com\google\errorprone\error_prone_annotations\2.1.3\error_prone_annotations-2.1.3.jar;C:\Users\12242\.m2\repository\com\google\j2objc\j2objc-annotations\1.1\j2objc-annotations-1.1.jar;C:\Users\12242\.m2\repository\org\codehaus\mojo\animal-sniffer-annotations\1.14\animal-sniffer-annotations-1.14.jar;C:\Users\12242\.m2\repository\com\squareup\okhttp3\okhttp\3.11.0\okhttp-3.11.0.jar;C:\Users\12242\.m2\repository\com\squareup\okio\okio\1.14.0\okio-1.14.0.jar;C:\Users\12242\.m2\repository\io\cucumber\cucumber-java\5.7.0\cucumber-java-5.7.0.jar;C:\Users\12242\.m2\repository\io\cucumber\cucumber-core\5.7.0\cucumber-core-5.7.0.jar;C:\Users\12242\.m2\repository\io\cucumber\cucumber-gherkin\5.7.0\cucumber-gherkin-5.7.0.jar;C:\Users\12242\.m2\repository\io\cucumber\cucumber-gherkin-vintage\5.7.0\cucumber-gherkin-vintage-5.7.0.jar;C:\Users\12242\.m2\repository\io\cucumber\tag-expressions\2.0.4\tag-expressions-2.0.4.jar;C:\Users\12242\.m2\repository\io\cucumber\cucumber-expressions\8.3.1\cucumber-expressions-8.3.1.jar;C:\Users\12242\.m2\repository\io\cucumber\datatable\3.3.1\datatable-3.3.1.jar;C:\Users\12242\.m2\repository\io\cucumber\cucumber-plugin\5.7.0\cucumber-plugin-5.7.0.jar;C:\Users\12242\.m2\repository\io\cucumber\docstring\5.7.0\docstring-5.7.0.jar;C:\Users\12242\.m2\repository\org\apiguardian\apiguardian-api\1.1.0\apiguardian-api-1.1.0.jar;C:\Users\12242\.m2\repository\io\cucumber\cucumber-junit\5.7.0\cucumber-junit-5.7.0.jar;C:\Users\12242\.m2\repository\junit\junit\4.13\junit-4.13.jar;C:\Users\12242\.m2\repository\org\hamcrest\hamcrest-core\1.3\hamcrest-core-1.3.jar;C:\Users\12242\.m2\repository\io\github\bonigarcia\webdrivermanager\4.0.0\webdrivermanager-4.0.0.jar;C:\Users\12242\.m2\repository\org\slf4j\slf4j-api\1.7.30\slf4j-api-1.7.30.jar;C:\Users\12242\.m2\repository\commons-io\commons-io\2.6\commons-io-2.6.jar;C:\Users\12242\.m2\repository\com\google\code\gson\gson\2.8.6\gson-2.8.6.jar;C:\Users\12242\.m2\repository\org\apache\commons\commons-lang3\3.10\commons-lang3-3.10.jar;C:\Users\12242\.m2\repository\org\apache\httpcomponents\client5\httpclient5\5.0\httpclient5-5.0.jar;C:\Users\12242\.m2\repository\org\apache\httpcomponents\core5\httpcore5\5.0\httpcore5-5.0.jar;C:\Users\12242\.m2\repository\org\apache\httpcomponents\core5\httpcore5-h2\5.0\httpcore5-h2-5.0.jar;C:\Users\12242\.m2\repository\commons-codec\commons-codec\1.13\commons-codec-1.13.jar;C:\Users\12242\.m2\repository\org\rauschig\jarchivelib\1.0.0\jarchivelib-1.0.0.jar;C:\Users\12242\.m2\repository\org\apache\commons\commons-compress\1.18\commons-compress-1.18.jar;C:\Users\12242\.m2\repository\org\jsoup\jsoup\1.13.1\jsoup-1.13.1.jar;"/>
    <property name="java.vm.vendor" value="Oracle Corporation"/>
    <property name="sun.arch.data.model" value="64"/>
    <property name="user.variant" value=""/>
    <property name="java.vendor.url" value="https://java.oracle.com/"/>
    <property name="os.name" value="Windows 10"/>
    <property name="java.vm.specification.version" value="13"/>
    <property name="sun.java.launcher" value="SUN_STANDARD"/>
    <property name="user.country" value="US"/>
    <property name="sun.boot.library.path" value="C:\Program Files\Java\jdk-13.0.2\bin"/>
    <property name="sun.java.command" value="C:\Users\12242\AppData\Local\Temp\surefire2398597463519454142\surefirebooter12268587641352686456.jar C:\Users\12242\AppData\Local\Temp\surefire2398597463519454142 2020-06-19T17-25-16_534-jvmRun1 surefire894257561230338245tmp surefire_04089187441863134533tmp"/>
    <property name="jdk.debug" value="release"/>
    <property name="surefire.test.class.path" value="C:\Users\12242\IdeaProjects\CucumberBatch4Again\target\test-classes;C:\Users\12242\IdeaProjects\CucumberBatch4Again\target\classes;C:\Users\12242\.m2\repository\org\seleniumhq\selenium\selenium-java\3.141.59\selenium-java-3.141.59.jar;C:\Users\12242\.m2\repository\org\seleniumhq\selenium\selenium-api\3.141.59\selenium-api-3.141.59.jar;C:\Users\12242\.m2\repository\org\seleniumhq\selenium\selenium-chrome-driver\3.141.59\selenium-chrome-driver-3.141.59.jar;C:\Users\12242\.m2\repository\org\seleniumhq\selenium\selenium-edge-driver\3.141.59\selenium-edge-driver-3.141.59.jar;C:\Users\12242\.m2\repository\org\seleniumhq\selenium\selenium-firefox-driver\3.141.59\selenium-firefox-driver-3.141.59.jar;C:\Users\12242\.m2\repository\org\seleniumhq\selenium\selenium-ie-driver\3.141.59\selenium-ie-driver-3.141.59.jar;C:\Users\12242\.m2\repository\org\seleniumhq\selenium\selenium-opera-driver\3.141.59\selenium-opera-driver-3.141.59.jar;C:\Users\12242\.m2\repository\org\seleniumhq\selenium\selenium-remote-driver\3.141.59\selenium-remote-driver-3.141.59.jar;C:\Users\12242\.m2\repository\org\seleniumhq\selenium\selenium-safari-driver\3.141.59\selenium-safari-driver-3.141.59.jar;C:\Users\12242\.m2\repository\org\seleniumhq\selenium\selenium-support\3.141.59\selenium-support-3.141.59.jar;C:\Users\12242\.m2\repository\net\bytebuddy\byte-buddy\1.8.15\byte-buddy-1.8.15.jar;C:\Users\12242\.m2\repository\org\apache\commons\commons-exec\1.3\commons-exec-1.3.jar;C:\Users\12242\.m2\repository\com\google\guava\guava\25.0-jre\guava-25.0-jre.jar;C:\Users\12242\.m2\repository\com\google\code\findbugs\jsr305\1.3.9\jsr305-1.3.9.jar;C:\Users\12242\.m2\repository\org\checkerframework\checker-compat-qual\2.0.0\checker-compat-qual-2.0.0.jar;C:\Users\12242\.m2\repository\com\google\errorprone\error_prone_annotations\2.1.3\error_prone_annotations-2.1.3.jar;C:\Users\12242\.m2\repository\com\google\j2objc\j2objc-annotations\1.1\j2objc-annotations-1.1.jar;C:\Users\12242\.m2\repository\org\codehaus\mojo\animal-sniffer-annotations\1.14\animal-sniffer-annotations-1.14.jar;C:\Users\12242\.m2\repository\com\squareup\okhttp3\okhttp\3.11.0\okhttp-3.11.0.jar;C:\Users\12242\.m2\repository\com\squareup\okio\okio\1.14.0\okio-1.14.0.jar;C:\Users\12242\.m2\repository\io\cucumber\cucumber-java\5.7.0\cucumber-java-5.7.0.jar;C:\Users\12242\.m2\repository\io\cucumber\cucumber-core\5.7.0\cucumber-core-5.7.0.jar;C:\Users\12242\.m2\repository\io\cucumber\cucumber-gherkin\5.7.0\cucumber-gherkin-5.7.0.jar;C:\Users\12242\.m2\repository\io\cucumber\cucumber-gherkin-vintage\5.7.0\cucumber-gherkin-vintage-5.7.0.jar;C:\Users\12242\.m2\repository\io\cucumber\tag-expressions\2.0.4\tag-expressions-2.0.4.jar;C:\Users\12242\.m2\repository\io\cucumber\cucumber-expressions\8.3.1\cucumber-expressions-8.3.1.jar;C:\Users\12242\.m2\repository\io\cucumber\datatable\3.3.1\datatable-3.3.1.jar;C:\Users\12242\.m2\repository\io\cucumber\cucumber-plugin\5.7.0\cucumber-plugin-5.7.0.jar;C:\Users\12242\.m2\repository\io\cucumber\docstring\5.7.0\docstring-5.7.0.jar;C:\Users\12242\.m2\repository\org\apiguardian\apiguardian-api\1.1.0\apiguardian-api-1.1.0.jar;C:\Users\12242\.m2\repository\io\cucumber\cucumber-junit\5.7.0\cucumber-junit-5.7.0.jar;C:\Users\12242\.m2\repository\junit\junit\4.13\junit-4.13.jar;C:\Users\12242\.m2\repository\org\hamcrest\hamcrest-core\1.3\hamcrest-core-1.3.jar;C:\Users\12242\.m2\repository\io\github\bonigarcia\webdrivermanager\4.0.0\webdrivermanager-4.0.0.jar;C:\Users\12242\.m2\repository\org\slf4j\slf4j-api\1.7.30\slf4j-api-1.7.30.jar;C:\Users\12242\.m2\repository\commons-io\commons-io\2.6\commons-io-2.6.jar;C:\Users\12242\.m2\repository\com\google\code\gson\gson\2.8.6\gson-2.8.6.jar;C:\Users\12242\.m2\repository\org\apache\commons\commons-lang3\3.10\commons-lang3-3.10.jar;C:\Users\12242\.m2\repository\org\apache\httpcomponents\client5\httpclient5\5.0\httpclient5-5.0.jar;C:\Users\12242\.m2\repository\org\apache\httpcomponents\core5\httpcore5\5.0\httpcore5-5.0.jar;C:\Users\12242\.m2\repository\org\apache\httpcomponents\core5\httpcore5-h2\5.0\httpcore5-h2-5.0.jar;C:\Users\12242\.m2\repository\commons-codec\commons-codec\1.13\commons-codec-1.13.jar;C:\Users\12242\.m2\repository\org\rauschig\jarchivelib\1.0.0\jarchivelib-1.0.0.jar;C:\Users\12242\.m2\repository\org\apache\commons\commons-compress\1.18\commons-compress-1.18.jar;C:\Users\12242\.m2\repository\org\jsoup\jsoup\1.13.1\jsoup-1.13.1.jar;"/>
    <property name="sun.cpu.endian" value="little"/>
    <property name="user.home" value="C:\Users\12242"/>
    <property name="user.language" value="en"/>
    <property name="java.specification.vendor" value="Oracle Corporation"/>
    <property name="java.version.date" value="2020-01-14"/>
    <property name="java.home" value="C:\Program Files\Java\jdk-13.0.2"/>
    <property name="file.separator" value="\"/>
    <property name="basedir" value="C:\Users\12242\IdeaProjects\CucumberBatch4Again"/>
    <property name="java.vm.compressedOopsMode" value="32-bit"/>
    <property name="line.separator" value="&#10;"/>
    <property name="java.specification.name" value="Java Platform API Specification"/>
    <property name="java.vm.specification.vendor" value="Oracle Corporation"/>
    <property name="surefire.real.class.path" value="C:\Users\12242\AppData\Local\Temp\surefire2398597463519454142\surefirebooter12268587641352686456.jar"/>
    <property name="user.script" value=""/>
    <property name="sun.management.compiler" value="HotSpot 64-Bit Tiered Compilers"/>
    <property name="java.runtime.version" value="13.0.2+8"/>
    <property name="user.name" value="12242"/>
    <property name="path.separator" value=";"/>
    <property name="os.version" value="10.0"/>
    <property name="java.runtime.name" value="Java(TM) SE Runtime Environment"/>
    <property name="file.encoding" value="Cp1252"/>
    <property name="java.vm.name" value="Java HotSpot(TM) 64-Bit Server VM"/>
    <property name="localRepository" value="C:\Users\12242\.m2\repository"/>
    <property name="java.vendor.url.bug" value="https://bugreport.java.com/bugreport/"/>
    <property name="java.io.tmpdir" value="C:\Users\12242\AppData\Local\Temp\"/>
    <property name="java.version" value="13.0.2"/>
    <property name="user.dir" value="C:\Users\12242\IdeaProjects\CucumberBatch4Again"/>
    <property name="os.arch" value="amd64"/>
    <property name="java.vm.specification.name" value="Java Virtual Machine Specification"/>
    <property name="sun.os.patch.level" value=""/>
    <property name="java.library.path" value="C:\Program Files\Java\jdk-13.0.2\bin;C:\WINDOWS\Sun\Java\bin;C:\WINDOWS\system32;C:\WINDOWS;C:\Windows\system32;C:\Windows;C:\Windows\System32\Wbem;C:\Windows\System32\WindowsPowerShell\v1.0\;C:\Windows\System32\OpenSSH\;C:\Program Files (x86)\NVIDIA Corporation\PhysX\Common;C:\Program Files\NVIDIA Corporation\NVIDIA NvDLISR;C:\Program Files\Intel\WiFi\bin\;C:\Program Files\Common Files\Intel\WirelessCommon\;C:\WINDOWS\system32;C:\WINDOWS;C:\WINDOWS\System32\Wbem;C:\WINDOWS\System32\WindowsPowerShell\v1.0\;C:\WINDOWS\System32\OpenSSH\;C:\Program Files\Java\jdk-13.0.2\bin;C:\Program Files\Git\cmd;C:\Program Files\apache-maven-3.6.3\bin;C:\Users\12242\AppData\Local\Microsoft\WindowsApps;;."/>
    <property name="java.vm.info" value="mixed mode, sharing"/>
    <property name="java.vendor" value="Oracle Corporation"/>
    <property name="java.vm.version" value="13.0.2+8"/>
    <property name="sun.io.unicode.encoding" value="UnicodeLittle"/>
    <property name="java.class.version" value="57.0"/>
  </properties>
  <testcase name="Validation of Search in Etsy1" classname="Validate search in Etsy" time="11.022"/>
  <testcase name="Validation of Search in Etsy1" classname="Validate search in Etsy" time="2.821"/>
  <testcase name="Validation of Search in Etsy1" classname="Validate search in Etsy" time="2.983"/>
  <testcase name="Validation of Search in Etsy1" classname="Validate search in Etsy" time="3.347"/>
  <testcase name="Validation of Search in Etsy2" classname="Validate search in Etsy" time="2.342"/>
  <testcase name="Validation of Search in Etsy3" classname="Validate search in Etsy" time="2.768"/>
  <testcase name="Validation of Search in DuckDuckGo" classname="DuckDuckGo search testing" time="2.246">
    <failure type="java.lang.AssertionError">java.lang.AssertionError
</failure>
    <system-out><![CDATA[
Scenario Outline: Validation of Search in DuckDuckGo             &amp#27;[90m# src/test/resources/com.duckduckgo/SearchBoxText.feature:12&amp#27;[0m
This one will run before each scenario
Validation of Search in DuckDuckGo
  &amp#27;[32mGiven &amp#27;[0m&amp#27;[32mthe user goes to the duckduckgo&amp#27;[0m                          &amp#27;[90m# StepDefinitions.com.DuckDuckGo.SearchBox.the_user_goes_to_the_duckduckgo()&amp#27;[0m
  &amp#27;[32mWhen &amp#27;[0m&amp#27;[32mthe user send the &amp#27;[0m&amp#27;[32m&amp#27;[1m"selenium"&amp#27;[0m&amp#27;[32m keyword&amp#27;[0m                      &amp#27;[90m# StepDefinitions.com.DuckDuckGo.SearchBox.the_user_send_the_keyword(java.lang.String)&amp#27;[0m
  &amp#27;[32mThen &amp#27;[0m&amp#27;[32mthe user click search button&amp#27;[0m                              &amp#27;[90m# StepDefinitions.com.DuckDuckGo.SearchBox.the_user_click_search_button()&amp#27;[0m
  &amp#27;[32mAnd &amp#27;[0m&amp#27;[32mthe user validate title contains the &amp#27;[0m&amp#27;[32m&amp#27;[1m"selenium"&amp#27;[0m&amp#27;[32m keyword&amp#27;[0m    &amp#27;[90m# StepDefinitions.com.DuckDuckGo.SearchBox.the_user_validate_title_contains_the_keyword(java.lang.String)&amp#27;[0m
  &amp#27;[32mAnd &amp#27;[0m&amp#27;[32mthe user validate url contains the &amp#27;[0m&amp#27;[32m&amp#27;[1m"selenium"&amp#27;[0m&amp#27;[32m keyword&amp#27;[0m      &amp#27;[90m# StepDefinitions.com.DuckDuckGo.SearchBox.the_user_validate_url_contains_the_keyword(java.lang.String)&amp#27;[0m
  &amp#27;[31m* &amp#27;[0m&amp#27;[31mthe user validate all results contain the &amp#27;[0m&amp#27;[31m&amp#27;[1m"Selenium"&amp#27;[0m&amp#27;[31m keyword&amp#27;[0m &amp#27;[90m# StepDefinitions.com.DuckDuckGo.SearchBox.the_user_validate_all_results_contain_the_keyword(java.lang.String)&amp#27;[0m
      &amp#27;[31mjava.lang.AssertionError
	at org.junit.Assert.fail(Assert.java:87)
	at org.junit.Assert.assertTrue(Assert.java:42)
	at org.junit.Assert.assertTrue(Assert.java:53)
	at StepDefinitions.com.DuckDuckGo.SearchBox.the_user_validate_all_results_contain_the_keyword(SearchBox.java:47)
	at ?.the user validate all results contain the "Selenium" keyword(file:///C:/Users/12242/IdeaProjects/CucumberBatch4Again/src/test/resources/com.duckduckgo/SearchBoxText.feature:9)
&amp#27;[0m
This will run after each scenario
Failed
]]></system-out>
  </testcase>
  <testcase name="Validation of Search in DuckDuckGo" classname="DuckDuckGo search testing" time="1.497">
    <failure type="java.lang.AssertionError">java.lang.AssertionError
</failure>
    <system-out><![CDATA[
Scenario Outline: Validation of Search in DuckDuckGo         &amp#27;[90m# src/test/resources/com.duckduckgo/SearchBoxText.feature:13&amp#27;[0m
This one will run before each scenario
Validation of Search in DuckDuckGo
  &amp#27;[32mGiven &amp#27;[0m&amp#27;[32mthe user goes to the duckduckgo&amp#27;[0m                      &amp#27;[90m# StepDefinitions.com.DuckDuckGo.SearchBox.the_user_goes_to_the_duckduckgo()&amp#27;[0m
  &amp#27;[32mWhen &amp#27;[0m&amp#27;[32mthe user send the &amp#27;[0m&amp#27;[32m&amp#27;[1m"TestNG"&amp#27;[0m&amp#27;[32m keyword&amp#27;[0m                    &amp#27;[90m# StepDefinitions.com.DuckDuckGo.SearchBox.the_user_send_the_keyword(java.lang.String)&amp#27;[0m
  &amp#27;[32mThen &amp#27;[0m&amp#27;[32mthe user click search button&amp#27;[0m                          &amp#27;[90m# StepDefinitions.com.DuckDuckGo.SearchBox.the_user_click_search_button()&amp#27;[0m
  &amp#27;[32mAnd &amp#27;[0m&amp#27;[32mthe user validate title contains the &amp#27;[0m&amp#27;[32m&amp#27;[1m"TestNG"&amp#27;[0m&amp#27;[32m keyword&amp#27;[0m  &amp#27;[90m# StepDefinitions.com.DuckDuckGo.SearchBox.the_user_validate_title_contains_the_keyword(java.lang.String)&amp#27;[0m
  &amp#27;[32mAnd &amp#27;[0m&amp#27;[32mthe user validate url contains the &amp#27;[0m&amp#27;[32m&amp#27;[1m"Test"&amp#27;[0m&amp#27;[32m keyword&amp#27;[0m      &amp#27;[90m# StepDefinitions.com.DuckDuckGo.SearchBox.the_user_validate_url_contains_the_keyword(java.lang.String)&amp#27;[0m
  &amp#27;[31m* &amp#27;[0m&amp#27;[31mthe user validate all results contain the &amp#27;[0m&amp#27;[31m&amp#27;[1m"Test"&amp#27;[0m&amp#27;[31m keyword&amp#27;[0m &amp#27;[90m# StepDefinitions.com.DuckDuckGo.SearchBox.the_user_validate_all_results_contain_the_keyword(java.lang.String)&amp#27;[0m
      &amp#27;[31mjava.lang.AssertionError
	at org.junit.Assert.fail(Assert.java:87)
	at org.junit.Assert.assertTrue(Assert.java:42)
	at org.junit.Assert.assertTrue(Assert.java:53)
	at StepDefinitions.com.DuckDuckGo.SearchBox.the_user_validate_all_results_contain_the_keyword(SearchBox.java:47)
	at ?.the user validate all results contain the "Test" keyword(file:///C:/Users/12242/IdeaProjects/CucumberBatch4Again/src/test/resources/com.duckduckgo/SearchBoxText.feature:9)
&amp#27;[0m
This will run after each scenario
Failed
]]></system-out>
  </testcase>
  <testcase name="Validation of Search in DuckDuckGo" classname="DuckDuckGo search testing" time="1.387"/>
</testsuite>